{"/home/ming/projects/simple-tts/src/onboarding/components/StyledComponents.jsx": {"path":"/home/ming/projects/simple-tts/src/onboarding/components/StyledComponents.jsx","statementMap":{"0":{"start":{"line":3,"column":25},"end":{"line":5,"column":1}},"1":{"start":{"line":7,"column":21},"end":{"line":11,"column":1}},"2":{"start":{"line":13,"column":27},"end":{"line":17,"column":1}},"3":{"start":{"line":19,"column":28},"end":{"line":23,"column":1}},"4":{"start":{"line":25,"column":29},"end":{"line":33,"column":1}},"5":{"start":{"line":26,"column":22},"end":{"line":26,"column":56}}},"fnMap":{"0":{"name":"(anonymous_0)","decl":{"start":{"line":26,"column":13},"end":{"line":26,"column":14}},"loc":{"start":{"line":26,"column":22},"end":{"line":26,"column":56}},"line":26}},"branchMap":{"0":{"loc":{"start":{"line":26,"column":22},"end":{"line":26,"column":56}},"type":"cond-expr","locations":[{"start":{"line":26,"column":40},"end":{"line":26,"column":47}},{"start":{"line":26,"column":50},"end":{"line":26,"column":56}}],"line":26}},"s":{"0":0,"1":0,"2":0,"3":0,"4":0,"5":0},"f":{"0":0},"b":{"0":[0,0]}}
,"/home/ming/projects/simple-tts/src/services/audioController.js": {"path":"/home/ming/projects/simple-tts/src/services/audioController.js","statementMap":{"0":{"start":{"line":6,"column":4},"end":{"line":6,"column":33}},"1":{"start":{"line":7,"column":4},"end":{"line":7,"column":41}},"2":{"start":{"line":8,"column":4},"end":{"line":8,"column":45}},"3":{"start":{"line":12,"column":4},"end":{"line":12,"column":39}},"4":{"start":{"line":16,"column":26},"end":{"line":16,"column":84}},"5":{"start":{"line":17,"column":21},"end":{"line":17,"column":66}},"6":{"start":{"line":18,"column":26},"end":{"line":18,"column":28}},"7":{"start":{"line":20,"column":4},"end":{"line":34,"column":5}},"8":{"start":{"line":20,"column":17},"end":{"line":20,"column":18}},"9":{"start":{"line":21,"column":22},"end":{"line":21,"column":33}},"10":{"start":{"line":22,"column":22},"end":{"line":22,"column":94}},"11":{"start":{"line":24,"column":6},"end":{"line":29,"column":9}},"12":{"start":{"line":31,"column":6},"end":{"line":33,"column":7}},"13":{"start":{"line":32,"column":8},"end":{"line":32,"column":63}},"14":{"start":{"line":32,"column":37},"end":{"line":32,"column":61}},"15":{"start":{"line":36,"column":4},"end":{"line":36,"column":25}},"16":{"start":{"line":40,"column":26},"end":{"line":40,"column":84}},"17":{"start":{"line":41,"column":19},"end":{"line":41,"column":59}},"18":{"start":{"line":43,"column":27},"end":{"line":49,"column":6}},"19":{"start":{"line":44,"column":22},"end":{"line":44,"column":92}},"20":{"start":{"line":45,"column":6},"end":{"line":48,"column":8}},"21":{"start":{"line":51,"column":20},"end":{"line":51,"column":53}},"22":{"start":{"line":52,"column":4},"end":{"line":52,"column":53}},"23":{"start":{"line":52,"column":34},"end":{"line":52,"column":51}},"24":{"start":{"line":56,"column":4},"end":{"line":56,"column":39}},"25":{"start":{"line":57,"column":26},"end":{"line":57,"column":77}},"26":{"start":{"line":58,"column":26},"end":{"line":58,"column":84}},"27":{"start":{"line":59,"column":4},"end":{"line":59,"column":87}},"28":{"start":{"line":63,"column":4},"end":{"line":63,"column":39}},"29":{"start":{"line":64,"column":22},"end":{"line":64,"column":71}},"30":{"start":{"line":65,"column":36},"end":{"line":65,"column":90}},"31":{"start":{"line":66,"column":26},"end":{"line":66,"column":84}},"32":{"start":{"line":67,"column":4},"end":{"line":67,"column":88}},"33":{"start":{"line":71,"column":4},"end":{"line":71,"column":39}},"34":{"start":{"line":72,"column":26},"end":{"line":72,"column":77}},"35":{"start":{"line":73,"column":36},"end":{"line":73,"column":94}},"36":{"start":{"line":74,"column":26},"end":{"line":74,"column":84}},"37":{"start":{"line":75,"column":4},"end":{"line":75,"column":88}},"38":{"start":{"line":79,"column":4},"end":{"line":79,"column":63}},"39":{"start":{"line":83,"column":26},"end":{"line":83,"column":84}},"40":{"start":{"line":84,"column":22},"end":{"line":84,"column":87}},"41":{"start":{"line":84,"column":76},"end":{"line":84,"column":86}},"42":{"start":{"line":86,"column":4},"end":{"line":86,"column":39}},"43":{"start":{"line":88,"column":23},"end":{"line":92,"column":5}},"44":{"start":{"line":90,"column":8},"end":{"line":90,"column":70}},"45":{"start":{"line":94,"column":4},"end":{"line":96,"column":5}},"46":{"start":{"line":94,"column":36},"end":{"line":94,"column":56}},"47":{"start":{"line":95,"column":6},"end":{"line":95,"column":71}},"48":{"start":{"line":98,"column":4},"end":{"line":98,"column":22}}},"fnMap":{"0":{"name":"(anonymous_0)","decl":{"start":{"line":5,"column":2},"end":{"line":5,"column":3}},"loc":{"start":{"line":5,"column":26},"end":{"line":9,"column":3}},"line":5},"1":{"name":"(anonymous_1)","decl":{"start":{"line":11,"column":2},"end":{"line":11,"column":3}},"loc":{"start":{"line":11,"column":20},"end":{"line":13,"column":3}},"line":11},"2":{"name":"(anonymous_2)","decl":{"start":{"line":15,"column":2},"end":{"line":15,"column":3}},"loc":{"start":{"line":15,"column":54},"end":{"line":37,"column":3}},"line":15},"3":{"name":"(anonymous_3)","decl":{"start":{"line":32,"column":26},"end":{"line":32,"column":27}},"loc":{"start":{"line":32,"column":37},"end":{"line":32,"column":61}},"line":32},"4":{"name":"(anonymous_4)","decl":{"start":{"line":39,"column":2},"end":{"line":39,"column":3}},"loc":{"start":{"line":39,"column":52},"end":{"line":53,"column":3}},"line":39},"5":{"name":"(anonymous_5)","decl":{"start":{"line":43,"column":38},"end":{"line":43,"column":39}},"loc":{"start":{"line":43,"column":55},"end":{"line":49,"column":5}},"line":43},"6":{"name":"(anonymous_6)","decl":{"start":{"line":52,"column":24},"end":{"line":52,"column":25}},"loc":{"start":{"line":52,"column":34},"end":{"line":52,"column":51}},"line":52},"7":{"name":"(anonymous_7)","decl":{"start":{"line":55,"column":2},"end":{"line":55,"column":3}},"loc":{"start":{"line":55,"column":52},"end":{"line":60,"column":3}},"line":55},"8":{"name":"(anonymous_8)","decl":{"start":{"line":62,"column":2},"end":{"line":62,"column":3}},"loc":{"start":{"line":62,"column":50},"end":{"line":68,"column":3}},"line":62},"9":{"name":"(anonymous_9)","decl":{"start":{"line":70,"column":2},"end":{"line":70,"column":3}},"loc":{"start":{"line":70,"column":69},"end":{"line":76,"column":3}},"line":70},"10":{"name":"(anonymous_10)","decl":{"start":{"line":78,"column":2},"end":{"line":78,"column":3}},"loc":{"start":{"line":78,"column":60},"end":{"line":80,"column":3}},"line":78},"11":{"name":"(anonymous_11)","decl":{"start":{"line":82,"column":2},"end":{"line":82,"column":3}},"loc":{"start":{"line":82,"column":50},"end":{"line":99,"column":3}},"line":82},"12":{"name":"(anonymous_12)","decl":{"start":{"line":84,"column":67},"end":{"line":84,"column":68}},"loc":{"start":{"line":84,"column":76},"end":{"line":84,"column":86}},"line":84},"13":{"name":"(anonymous_13)","decl":{"start":{"line":89,"column":20},"end":{"line":89,"column":21}},"loc":{"start":{"line":90,"column":8},"end":{"line":90,"column":70}},"line":90},"14":{"name":"(anonymous_14)","decl":{"start":{"line":94,"column":26},"end":{"line":94,"column":27}},"loc":{"start":{"line":94,"column":36},"end":{"line":94,"column":56}},"line":94}},"branchMap":{"0":{"loc":{"start":{"line":15,"column":35},"end":{"line":15,"column":52}},"type":"default-arg","locations":[{"start":{"line":15,"column":50},"end":{"line":15,"column":52}}],"line":15},"1":{"loc":{"start":{"line":31,"column":6},"end":{"line":33,"column":7}},"type":"if","locations":[{"start":{"line":31,"column":6},"end":{"line":33,"column":7}},{"start":{},"end":{}}],"line":31},"2":{"loc":{"start":{"line":39,"column":33},"end":{"line":39,"column":50}},"type":"default-arg","locations":[{"start":{"line":39,"column":48},"end":{"line":39,"column":50}}],"line":39},"3":{"loc":{"start":{"line":55,"column":33},"end":{"line":55,"column":50}},"type":"default-arg","locations":[{"start":{"line":55,"column":48},"end":{"line":55,"column":50}}],"line":55},"4":{"loc":{"start":{"line":62,"column":31},"end":{"line":62,"column":48}},"type":"default-arg","locations":[{"start":{"line":62,"column":46},"end":{"line":62,"column":48}}],"line":62},"5":{"loc":{"start":{"line":70,"column":50},"end":{"line":70,"column":67}},"type":"default-arg","locations":[{"start":{"line":70,"column":65},"end":{"line":70,"column":67}}],"line":70},"6":{"loc":{"start":{"line":78,"column":41},"end":{"line":78,"column":58}},"type":"default-arg","locations":[{"start":{"line":78,"column":56},"end":{"line":78,"column":58}}],"line":78},"7":{"loc":{"start":{"line":82,"column":31},"end":{"line":82,"column":48}},"type":"default-arg","locations":[{"start":{"line":82,"column":46},"end":{"line":82,"column":48}}],"line":82},"8":{"loc":{"start":{"line":94,"column":4},"end":{"line":96,"column":5}},"type":"if","locations":[{"start":{"line":94,"column":4},"end":{"line":96,"column":5}},{"start":{},"end":{}}],"line":94}},"s":{"0":14,"1":14,"2":14,"3":1,"4":3,"5":3,"6":3,"7":3,"8":3,"9":5,"10":5,"11":4,"12":4,"13":2,"14":2,"15":2,"16":3,"17":3,"18":3,"19":6,"20":6,"21":3,"22":3,"23":3,"24":1,"25":1,"26":1,"27":1,"28":1,"29":1,"30":1,"31":1,"32":1,"33":1,"34":1,"35":1,"36":1,"37":1,"38":1,"39":2,"40":2,"41":4,"42":2,"43":2,"44":4,"45":1,"46":1,"47":1,"48":0},"f":{"0":14,"1":1,"2":3,"3":2,"4":3,"5":6,"6":3,"7":1,"8":1,"9":1,"10":1,"11":2,"12":4,"13":4,"14":1},"b":{"0":[0],"1":[2,2],"2":[0],"3":[0],"4":[0],"5":[0],"6":[0],"7":[0],"8":[1,0]},"_coverageSchema":"1a1c01bbd47fc00a2c39e90264f33305004495a9","hash":"4ba1174797c8626bbc8e8e0044b7438c500cbf70"}
,"/home/ming/projects/simple-tts/src/services/audioPlayer.js": {"path":"/home/ming/projects/simple-tts/src/services/audioPlayer.js","statementMap":{"0":{"start":{"line":3,"column":4},"end":{"line":3,"column":29}},"1":{"start":{"line":4,"column":4},"end":{"line":4,"column":29}},"2":{"start":{"line":8,"column":4},"end":{"line":22,"column":5}},"3":{"start":{"line":9,"column":6},"end":{"line":9,"column":83}},"4":{"start":{"line":11,"column":25},"end":{"line":11,"column":53}},"5":{"start":{"line":12,"column":27},"end":{"line":12,"column":84}},"6":{"start":{"line":13,"column":21},"end":{"line":13,"column":59}},"7":{"start":{"line":14,"column":6},"end":{"line":14,"column":35}},"8":{"start":{"line":15,"column":6},"end":{"line":15,"column":52}},"9":{"start":{"line":17,"column":24},"end":{"line":17,"column":53}},"10":{"start":{"line":18,"column":6},"end":{"line":18,"column":30}},"11":{"start":{"line":19,"column":6},"end":{"line":19,"column":35}},"12":{"start":{"line":21,"column":6},"end":{"line":21,"column":63}},"13":{"start":{"line":21,"column":37},"end":{"line":21,"column":61}},"14":{"start":{"line":23,"column":4},"end":{"line":23,"column":29}},"15":{"start":{"line":27,"column":4},"end":{"line":33,"column":5}},"16":{"start":{"line":28,"column":6},"end":{"line":31,"column":7}},"17":{"start":{"line":29,"column":8},"end":{"line":29,"column":40}},"18":{"start":{"line":30,"column":8},"end":{"line":30,"column":46}},"19":{"start":{"line":32,"column":6},"end":{"line":32,"column":31}},"20":{"start":{"line":37,"column":4},"end":{"line":71,"column":7}},"21":{"start":{"line":38,"column":24},"end":{"line":68,"column":7}},"22":{"start":{"line":39,"column":8},"end":{"line":67,"column":9}},"23":{"start":{"line":40,"column":26},"end":{"line":40,"column":76}},"24":{"start":{"line":42,"column":10},"end":{"line":44,"column":11}},"25":{"start":{"line":43,"column":12},"end":{"line":43,"column":35}},"26":{"start":{"line":46,"column":25},"end":{"line":46,"column":53}},"27":{"start":{"line":47,"column":10},"end":{"line":47,"column":50}},"28":{"start":{"line":49,"column":30},"end":{"line":49,"column":59}},"29":{"start":{"line":50,"column":30},"end":{"line":50,"column":72}},"30":{"start":{"line":52,"column":10},"end":{"line":52,"column":38}},"31":{"start":{"line":53,"column":10},"end":{"line":53,"column":43}},"32":{"start":{"line":54,"column":10},"end":{"line":54,"column":46}},"33":{"start":{"line":56,"column":28},"end":{"line":56,"column":53}},"34":{"start":{"line":58,"column":10},"end":{"line":61,"column":12}},"35":{"start":{"line":59,"column":12},"end":{"line":59,"column":32}},"36":{"start":{"line":60,"column":12},"end":{"line":60,"column":22}},"37":{"start":{"line":63,"column":10},"end":{"line":63,"column":34}},"38":{"start":{"line":65,"column":10},"end":{"line":65,"column":50}},"39":{"start":{"line":66,"column":10},"end":{"line":66,"column":24}},"40":{"start":{"line":70,"column":6},"end":{"line":70,"column":18}},"41":{"start":{"line":75,"column":4},"end":{"line":103,"column":5}},"42":{"start":{"line":76,"column":27},"end":{"line":76,"column":56}},"43":{"start":{"line":78,"column":6},"end":{"line":98,"column":9}},"44":{"start":{"line":79,"column":8},"end":{"line":97,"column":9}},"45":{"start":{"line":80,"column":25},"end":{"line":80,"column":58}},"46":{"start":{"line":81,"column":10},"end":{"line":81,"column":38}},"47":{"start":{"line":82,"column":10},"end":{"line":82,"column":43}},"48":{"start":{"line":83,"column":10},"end":{"line":83,"column":51}},"49":{"start":{"line":85,"column":10},"end":{"line":85,"column":64}},"50":{"start":{"line":87,"column":10},"end":{"line":90,"column":12}},"51":{"start":{"line":88,"column":12},"end":{"line":88,"column":32}},"52":{"start":{"line":89,"column":12},"end":{"line":89,"column":22}},"53":{"start":{"line":92,"column":10},"end":{"line":92,"column":25}},"54":{"start":{"line":95,"column":10},"end":{"line":95,"column":62}},"55":{"start":{"line":96,"column":10},"end":{"line":96,"column":24}},"56":{"start":{"line":101,"column":6},"end":{"line":101,"column":59}},"57":{"start":{"line":102,"column":6},"end":{"line":102,"column":18}},"58":{"start":{"line":107,"column":25},"end":{"line":107,"column":54}},"59":{"start":{"line":108,"column":25},"end":{"line":108,"column":27}},"60":{"start":{"line":109,"column":23},"end":{"line":109,"column":24}},"61":{"start":{"line":111,"column":4},"end":{"line":123,"column":5}},"62":{"start":{"line":111,"column":17},"end":{"line":111,"column":18}},"63":{"start":{"line":112,"column":20},"end":{"line":112,"column":32}},"64":{"start":{"line":114,"column":6},"end":{"line":122,"column":7}},"65":{"start":{"line":115,"column":28},"end":{"line":115,"column":58}},"66":{"start":{"line":116,"column":28},"end":{"line":116,"column":75}},"67":{"start":{"line":117,"column":8},"end":{"line":117,"column":39}},"68":{"start":{"line":118,"column":8},"end":{"line":118,"column":43}},"69":{"start":{"line":120,"column":8},"end":{"line":120,"column":65}},"70":{"start":{"line":121,"column":8},"end":{"line":121,"column":20}},"71":{"start":{"line":125,"column":23},"end":{"line":125,"column":49}},"72":{"start":{"line":126,"column":21},"end":{"line":126,"column":53}},"73":{"start":{"line":127,"column":31},"end":{"line":127,"column":92}},"74":{"start":{"line":129,"column":17},"end":{"line":129,"column":18}},"75":{"start":{"line":130,"column":4},"end":{"line":138,"column":5}},"76":{"start":{"line":130,"column":17},"end":{"line":130,"column":18}},"77":{"start":{"line":131,"column":21},"end":{"line":131,"column":36}},"78":{"start":{"line":132,"column":6},"end":{"line":136,"column":7}},"79":{"start":{"line":132,"column":25},"end":{"line":132,"column":26}},"80":{"start":{"line":133,"column":27},"end":{"line":133,"column":57}},"81":{"start":{"line":134,"column":27},"end":{"line":134,"column":69}},"82":{"start":{"line":135,"column":8},"end":{"line":135,"column":43}},"83":{"start":{"line":137,"column":6},"end":{"line":137,"column":30}},"84":{"start":{"line":140,"column":4},"end":{"line":140,"column":30}},"85":{"start":{"line":144,"column":4},"end":{"line":171,"column":5}},"86":{"start":{"line":145,"column":27},"end":{"line":145,"column":56}},"87":{"start":{"line":147,"column":6},"end":{"line":149,"column":7}},"88":{"start":{"line":148,"column":8},"end":{"line":148,"column":36}},"89":{"start":{"line":151,"column":29},"end":{"line":151,"column":81}},"90":{"start":{"line":151,"column":63},"end":{"line":151,"column":80}},"91":{"start":{"line":153,"column":6},"end":{"line":166,"column":7}},"92":{"start":{"line":153,"column":19},"end":{"line":153,"column":20}},"93":{"start":{"line":154,"column":24},"end":{"line":154,"column":41}},"94":{"start":{"line":156,"column":8},"end":{"line":165,"column":9}},"95":{"start":{"line":157,"column":10},"end":{"line":157,"column":78}},"96":{"start":{"line":159,"column":10},"end":{"line":161,"column":11}},"97":{"start":{"line":160,"column":12},"end":{"line":160,"column":67}},"98":{"start":{"line":160,"column":41},"end":{"line":160,"column":65}},"99":{"start":{"line":164,"column":10},"end":{"line":164,"column":66}},"100":{"start":{"line":169,"column":6},"end":{"line":169,"column":63}},"101":{"start":{"line":170,"column":6},"end":{"line":170,"column":18}}},"fnMap":{"0":{"name":"(anonymous_0)","decl":{"start":{"line":2,"column":2},"end":{"line":2,"column":3}},"loc":{"start":{"line":2,"column":16},"end":{"line":5,"column":3}},"line":2},"1":{"name":"(anonymous_1)","decl":{"start":{"line":7,"column":2},"end":{"line":7,"column":3}},"loc":{"start":{"line":7,"column":27},"end":{"line":24,"column":3}},"line":7},"2":{"name":"(anonymous_2)","decl":{"start":{"line":21,"column":24},"end":{"line":21,"column":25}},"loc":{"start":{"line":21,"column":37},"end":{"line":21,"column":61}},"line":21},"3":{"name":"(anonymous_3)","decl":{"start":{"line":26,"column":2},"end":{"line":26,"column":3}},"loc":{"start":{"line":26,"column":20},"end":{"line":34,"column":3}},"line":26},"4":{"name":"(anonymous_4)","decl":{"start":{"line":36,"column":2},"end":{"line":36,"column":3}},"loc":{"start":{"line":36,"column":68},"end":{"line":72,"column":3}},"line":36},"5":{"name":"(anonymous_5)","decl":{"start":{"line":37,"column":23},"end":{"line":37,"column":24}},"loc":{"start":{"line":37,"column":44},"end":{"line":71,"column":5}},"line":37},"6":{"name":"(anonymous_6)","decl":{"start":{"line":38,"column":24},"end":{"line":38,"column":25}},"loc":{"start":{"line":38,"column":36},"end":{"line":68,"column":7}},"line":38},"7":{"name":"(anonymous_7)","decl":{"start":{"line":58,"column":27},"end":{"line":58,"column":28}},"loc":{"start":{"line":58,"column":33},"end":{"line":61,"column":11}},"line":58},"8":{"name":"(anonymous_8)","decl":{"start":{"line":74,"column":2},"end":{"line":74,"column":3}},"loc":{"start":{"line":74,"column":47},"end":{"line":104,"column":3}},"line":74},"9":{"name":"(anonymous_9)","decl":{"start":{"line":78,"column":25},"end":{"line":78,"column":26}},"loc":{"start":{"line":78,"column":46},"end":{"line":98,"column":7}},"line":78},"10":{"name":"(anonymous_10)","decl":{"start":{"line":87,"column":27},"end":{"line":87,"column":28}},"loc":{"start":{"line":87,"column":33},"end":{"line":90,"column":11}},"line":87},"11":{"name":"(anonymous_11)","decl":{"start":{"line":106,"column":2},"end":{"line":106,"column":3}},"loc":{"start":{"line":106,"column":40},"end":{"line":141,"column":3}},"line":106},"12":{"name":"(anonymous_12)","decl":{"start":{"line":143,"column":2},"end":{"line":143,"column":3}},"loc":{"start":{"line":143,"column":66},"end":{"line":172,"column":3}},"line":143},"13":{"name":"(anonymous_13)","decl":{"start":{"line":151,"column":53},"end":{"line":151,"column":54}},"loc":{"start":{"line":151,"column":63},"end":{"line":151,"column":80}},"line":151},"14":{"name":"(anonymous_14)","decl":{"start":{"line":160,"column":30},"end":{"line":160,"column":31}},"loc":{"start":{"line":160,"column":41},"end":{"line":160,"column":65}},"line":160}},"branchMap":{"0":{"loc":{"start":{"line":8,"column":4},"end":{"line":22,"column":5}},"type":"if","locations":[{"start":{"line":8,"column":4},"end":{"line":22,"column":5}},{"start":{},"end":{}}],"line":8},"1":{"loc":{"start":{"line":9,"column":31},"end":{"line":9,"column":79}},"type":"binary-expr","locations":[{"start":{"line":9,"column":31},"end":{"line":9,"column":50}},{"start":{"line":9,"column":54},"end":{"line":9,"column":79}}],"line":9},"2":{"loc":{"start":{"line":27,"column":4},"end":{"line":33,"column":5}},"type":"if","locations":[{"start":{"line":27,"column":4},"end":{"line":33,"column":5}},{"start":{},"end":{}}],"line":27},"3":{"loc":{"start":{"line":28,"column":6},"end":{"line":31,"column":7}},"type":"if","locations":[{"start":{"line":28,"column":6},"end":{"line":31,"column":7}},{"start":{},"end":{}}],"line":28},"4":{"loc":{"start":{"line":36,"column":34},"end":{"line":36,"column":42}},"type":"default-arg","locations":[{"start":{"line":36,"column":41},"end":{"line":36,"column":42}}],"line":36},"5":{"loc":{"start":{"line":36,"column":44},"end":{"line":36,"column":66}},"type":"default-arg","locations":[{"start":{"line":36,"column":62},"end":{"line":36,"column":66}}],"line":36},"6":{"loc":{"start":{"line":40,"column":26},"end":{"line":40,"column":76}},"type":"binary-expr","locations":[{"start":{"line":40,"column":26},"end":{"line":40,"column":41}},{"start":{"line":40,"column":46},"end":{"line":40,"column":75}}],"line":40},"7":{"loc":{"start":{"line":42,"column":10},"end":{"line":44,"column":11}},"type":"if","locations":[{"start":{"line":42,"column":10},"end":{"line":44,"column":11}},{"start":{},"end":{}}],"line":42},"8":{"loc":{"start":{"line":74,"column":37},"end":{"line":74,"column":45}},"type":"default-arg","locations":[{"start":{"line":74,"column":44},"end":{"line":74,"column":45}}],"line":74},"9":{"loc":{"start":{"line":143,"column":48},"end":{"line":143,"column":64}},"type":"default-arg","locations":[{"start":{"line":143,"column":63},"end":{"line":143,"column":64}}],"line":143},"10":{"loc":{"start":{"line":147,"column":6},"end":{"line":149,"column":7}},"type":"if","locations":[{"start":{"line":147,"column":6},"end":{"line":149,"column":7}},{"start":{},"end":{}}],"line":147},"11":{"loc":{"start":{"line":159,"column":10},"end":{"line":161,"column":11}},"type":"if","locations":[{"start":{"line":159,"column":10},"end":{"line":161,"column":11}},{"start":{},"end":{}}],"line":159}},"s":{"0":19,"1":19,"2":16,"3":15,"4":14,"5":14,"6":14,"7":14,"8":14,"9":14,"10":14,"11":14,"12":14,"13":14,"14":15,"15":3,"16":2,"17":1,"18":1,"19":2,"20":5,"21":5,"22":5,"23":5,"24":5,"25":1,"26":5,"27":5,"28":5,"29":5,"30":4,"31":4,"32":4,"33":4,"34":4,"35":1,"36":1,"37":4,"38":1,"39":1,"40":5,"41":2,"42":2,"43":1,"44":1,"45":1,"46":1,"47":1,"48":1,"49":1,"50":1,"51":0,"52":0,"53":1,"54":0,"55":0,"56":1,"57":1,"58":3,"59":3,"60":3,"61":3,"62":3,"63":4,"64":4,"65":4,"66":4,"67":3,"68":3,"69":1,"70":1,"71":2,"72":1,"73":1,"74":1,"75":1,"76":1,"77":2,"78":2,"79":2,"80":2,"81":2,"82":2,"83":2,"84":1,"85":3,"86":3,"87":3,"88":0,"89":3,"90":6,"91":3,"92":3,"93":6,"94":6,"95":6,"96":5,"97":3,"98":3,"99":1,"100":0,"101":0},"f":{"0":19,"1":16,"2":14,"3":3,"4":5,"5":5,"6":5,"7":1,"8":2,"9":1,"10":0,"11":3,"12":3,"13":6,"14":3},"b":{"0":[15,1],"1":[15,0],"2":[2,1],"3":[1,1],"4":[2],"5":[4],"6":[5,4],"7":[1,4],"8":[1],"9":[0],"10":[0,3],"11":[3,2]},"_coverageSchema":"1a1c01bbd47fc00a2c39e90264f33305004495a9","hash":"21ea6ac8f1fe9fd3eb6c4588f72fec6a940851fb"}
,"/home/ming/projects/simple-tts/src/services/textProcessor.js": {"path":"/home/ming/projects/simple-tts/src/services/textProcessor.js","statementMap":{"0":{"start":{"line":3,"column":4},"end":{"line":3,"column":49}},"1":{"start":{"line":7,"column":22},"end":{"line":7,"column":67}},"2":{"start":{"line":8,"column":19},"end":{"line":8,"column":21}},"3":{"start":{"line":9,"column":23},"end":{"line":9,"column":25}},"4":{"start":{"line":11,"column":4},"end":{"line":33,"column":7}},"5":{"start":{"line":12,"column":30},"end":{"line":12,"column":45}},"6":{"start":{"line":13,"column":6},"end":{"line":13,"column":47}},"7":{"start":{"line":13,"column":40},"end":{"line":13,"column":47}},"8":{"start":{"line":15,"column":6},"end":{"line":24,"column":7}},"9":{"start":{"line":16,"column":8},"end":{"line":20,"column":11}},"10":{"start":{"line":21,"column":8},"end":{"line":21,"column":39}},"11":{"start":{"line":23,"column":8},"end":{"line":23,"column":79}},"12":{"start":{"line":26,"column":6},"end":{"line":32,"column":7}},"13":{"start":{"line":27,"column":8},"end":{"line":31,"column":11}},"14":{"start":{"line":35,"column":4},"end":{"line":35,"column":18}},"15":{"start":{"line":39,"column":21},"end":{"line":39,"column":23}},"16":{"start":{"line":40,"column":23},"end":{"line":40,"column":24}},"17":{"start":{"line":42,"column":18},"end":{"line":42,"column":35}},"18":{"start":{"line":44,"column":4},"end":{"line":92,"column":5}},"19":{"start":{"line":45,"column":26},"end":{"line":45,"column":37}},"20":{"start":{"line":46,"column":6},"end":{"line":46,"column":33}},"21":{"start":{"line":46,"column":24},"end":{"line":46,"column":33}},"22":{"start":{"line":48,"column":24},"end":{"line":48,"column":37}},"23":{"start":{"line":49,"column":20},"end":{"line":49,"column":48}},"24":{"start":{"line":50,"column":27},"end":{"line":50,"column":29}},"25":{"start":{"line":52,"column":6},"end":{"line":82,"column":7}},"26":{"start":{"line":53,"column":8},"end":{"line":53,"column":28}},"27":{"start":{"line":53,"column":19},"end":{"line":53,"column":28}},"28":{"start":{"line":55,"column":8},"end":{"line":81,"column":9}},"29":{"start":{"line":56,"column":10},"end":{"line":56,"column":33}},"30":{"start":{"line":57,"column":10},"end":{"line":65,"column":11}},"31":{"start":{"line":58,"column":12},"end":{"line":63,"column":15}},"32":{"start":{"line":64,"column":12},"end":{"line":64,"column":32}},"33":{"start":{"line":67,"column":30},"end":{"line":67,"column":41}},"34":{"start":{"line":68,"column":10},"end":{"line":68,"column":37}},"35":{"start":{"line":68,"column":28},"end":{"line":68,"column":37}},"36":{"start":{"line":70,"column":10},"end":{"line":80,"column":11}},"37":{"start":{"line":71,"column":12},"end":{"line":76,"column":15}},"38":{"start":{"line":77,"column":12},"end":{"line":77,"column":41}},"39":{"start":{"line":79,"column":12},"end":{"line":79,"column":79}},"40":{"start":{"line":84,"column":6},"end":{"line":91,"column":7}},"41":{"start":{"line":85,"column":8},"end":{"line":90,"column":11}},"42":{"start":{"line":94,"column":4},"end":{"line":101,"column":5}},"43":{"start":{"line":95,"column":6},"end":{"line":100,"column":9}},"44":{"start":{"line":103,"column":4},"end":{"line":103,"column":20}},"45":{"start":{"line":107,"column":4},"end":{"line":107,"column":53}},"46":{"start":{"line":107,"column":35},"end":{"line":107,"column":53}},"47":{"start":{"line":108,"column":4},"end":{"line":108,"column":48}},"48":{"start":{"line":108,"column":33},"end":{"line":108,"column":48}},"49":{"start":{"line":109,"column":4},"end":{"line":109,"column":52}},"50":{"start":{"line":109,"column":33},"end":{"line":109,"column":52}},"51":{"start":{"line":110,"column":4},"end":{"line":110,"column":48}},"52":{"start":{"line":110,"column":33},"end":{"line":110,"column":48}},"53":{"start":{"line":111,"column":4},"end":{"line":111,"column":25}},"54":{"start":{"line":115,"column":21},"end":{"line":121,"column":5}},"55":{"start":{"line":122,"column":4},"end":{"line":122,"column":70}},"56":{"start":{"line":122,"column":46},"end":{"line":122,"column":68}}},"fnMap":{"0":{"name":"(anonymous_0)","decl":{"start":{"line":2,"column":2},"end":{"line":2,"column":3}},"loc":{"start":{"line":2,"column":41},"end":{"line":4,"column":3}},"line":2},"1":{"name":"(anonymous_1)","decl":{"start":{"line":6,"column":2},"end":{"line":6,"column":3}},"loc":{"start":{"line":6,"column":24},"end":{"line":36,"column":3}},"line":6},"2":{"name":"(anonymous_2)","decl":{"start":{"line":11,"column":22},"end":{"line":11,"column":23}},"loc":{"start":{"line":11,"column":43},"end":{"line":33,"column":5}},"line":11},"3":{"name":"(anonymous_3)","decl":{"start":{"line":38,"column":2},"end":{"line":38,"column":3}},"loc":{"start":{"line":38,"column":29},"end":{"line":104,"column":3}},"line":38},"4":{"name":"(anonymous_4)","decl":{"start":{"line":106,"column":2},"end":{"line":106,"column":3}},"loc":{"start":{"line":106,"column":34},"end":{"line":112,"column":3}},"line":106},"5":{"name":"(anonymous_5)","decl":{"start":{"line":114,"column":2},"end":{"line":114,"column":3}},"loc":{"start":{"line":114,"column":23},"end":{"line":123,"column":3}},"line":114},"6":{"name":"(anonymous_6)","decl":{"start":{"line":122,"column":36},"end":{"line":122,"column":37}},"loc":{"start":{"line":122,"column":46},"end":{"line":122,"column":68}},"line":122}},"branchMap":{"0":{"loc":{"start":{"line":2,"column":14},"end":{"line":2,"column":39}},"type":"default-arg","locations":[{"start":{"line":2,"column":35},"end":{"line":2,"column":39}}],"line":2},"1":{"loc":{"start":{"line":7,"column":22},"end":{"line":7,"column":67}},"type":"binary-expr","locations":[{"start":{"line":7,"column":22},"end":{"line":7,"column":57}},{"start":{"line":7,"column":61},"end":{"line":7,"column":67}}],"line":7},"2":{"loc":{"start":{"line":13,"column":6},"end":{"line":13,"column":47}},"type":"if","locations":[{"start":{"line":13,"column":6},"end":{"line":13,"column":47}},{"start":{},"end":{}}],"line":13},"3":{"loc":{"start":{"line":15,"column":6},"end":{"line":24,"column":7}},"type":"if","locations":[{"start":{"line":15,"column":6},"end":{"line":24,"column":7}},{"start":{"line":22,"column":13},"end":{"line":24,"column":7}}],"line":15},"4":{"loc":{"start":{"line":15,"column":10},"end":{"line":15,"column":107}},"type":"binary-expr","locations":[{"start":{"line":15,"column":10},"end":{"line":15,"column":80}},{"start":{"line":15,"column":84},"end":{"line":15,"column":107}}],"line":15},"5":{"loc":{"start":{"line":23,"column":25},"end":{"line":23,"column":59}},"type":"cond-expr","locations":[{"start":{"line":23,"column":51},"end":{"line":23,"column":54}},{"start":{"line":23,"column":57},"end":{"line":23,"column":59}}],"line":23},"6":{"loc":{"start":{"line":26,"column":6},"end":{"line":32,"column":7}},"type":"if","locations":[{"start":{"line":26,"column":6},"end":{"line":32,"column":7}},{"start":{},"end":{}}],"line":26},"7":{"loc":{"start":{"line":26,"column":10},"end":{"line":26,"column":67}},"type":"binary-expr","locations":[{"start":{"line":26,"column":10},"end":{"line":26,"column":40}},{"start":{"line":26,"column":44},"end":{"line":26,"column":67}}],"line":26},"8":{"loc":{"start":{"line":46,"column":6},"end":{"line":46,"column":33}},"type":"if","locations":[{"start":{"line":46,"column":6},"end":{"line":46,"column":33}},{"start":{},"end":{}}],"line":46},"9":{"loc":{"start":{"line":53,"column":8},"end":{"line":53,"column":28}},"type":"if","locations":[{"start":{"line":53,"column":8},"end":{"line":53,"column":28}},{"start":{},"end":{}}],"line":53},"10":{"loc":{"start":{"line":55,"column":8},"end":{"line":81,"column":9}},"type":"if","locations":[{"start":{"line":55,"column":8},"end":{"line":81,"column":9}},{"start":{"line":66,"column":15},"end":{"line":81,"column":9}}],"line":55},"11":{"loc":{"start":{"line":57,"column":10},"end":{"line":65,"column":11}},"type":"if","locations":[{"start":{"line":57,"column":10},"end":{"line":65,"column":11}},{"start":{},"end":{}}],"line":57},"12":{"loc":{"start":{"line":68,"column":10},"end":{"line":68,"column":37}},"type":"if","locations":[{"start":{"line":68,"column":10},"end":{"line":68,"column":37}},{"start":{},"end":{}}],"line":68},"13":{"loc":{"start":{"line":70,"column":10},"end":{"line":80,"column":11}},"type":"if","locations":[{"start":{"line":70,"column":10},"end":{"line":80,"column":11}},{"start":{"line":78,"column":17},"end":{"line":80,"column":11}}],"line":70},"14":{"loc":{"start":{"line":70,"column":14},"end":{"line":70,"column":107}},"type":"binary-expr","locations":[{"start":{"line":70,"column":14},"end":{"line":70,"column":82}},{"start":{"line":70,"column":86},"end":{"line":70,"column":107}}],"line":70},"15":{"loc":{"start":{"line":79,"column":31},"end":{"line":79,"column":63}},"type":"cond-expr","locations":[{"start":{"line":79,"column":55},"end":{"line":79,"column":58}},{"start":{"line":79,"column":61},"end":{"line":79,"column":63}}],"line":79},"16":{"loc":{"start":{"line":84,"column":6},"end":{"line":91,"column":7}},"type":"if","locations":[{"start":{"line":84,"column":6},"end":{"line":91,"column":7}},{"start":{},"end":{}}],"line":84},"17":{"loc":{"start":{"line":94,"column":4},"end":{"line":101,"column":5}},"type":"if","locations":[{"start":{"line":94,"column":4},"end":{"line":101,"column":5}},{"start":{},"end":{}}],"line":94},"18":{"loc":{"start":{"line":94,"column":8},"end":{"line":94,"column":44}},"type":"binary-expr","locations":[{"start":{"line":94,"column":8},"end":{"line":94,"column":29}},{"start":{"line":94,"column":33},"end":{"line":94,"column":44}}],"line":94},"19":{"loc":{"start":{"line":107,"column":4},"end":{"line":107,"column":53}},"type":"if","locations":[{"start":{"line":107,"column":4},"end":{"line":107,"column":53}},{"start":{},"end":{}}],"line":107},"20":{"loc":{"start":{"line":108,"column":4},"end":{"line":108,"column":48}},"type":"if","locations":[{"start":{"line":108,"column":4},"end":{"line":108,"column":48}},{"start":{},"end":{}}],"line":108},"21":{"loc":{"start":{"line":109,"column":4},"end":{"line":109,"column":52}},"type":"if","locations":[{"start":{"line":109,"column":4},"end":{"line":109,"column":52}},{"start":{},"end":{}}],"line":109},"22":{"loc":{"start":{"line":110,"column":4},"end":{"line":110,"column":48}},"type":"if","locations":[{"start":{"line":110,"column":4},"end":{"line":110,"column":48}},{"start":{},"end":{}}],"line":110},"23":{"loc":{"start":{"line":122,"column":46},"end":{"line":122,"column":68}},"type":"binary-expr","locations":[{"start":{"line":122,"column":46},"end":{"line":122,"column":60}},{"start":{"line":122,"column":64},"end":{"line":122,"column":68}}],"line":122}},"s":{"0":38,"1":6,"2":6,"3":6,"4":6,"5":11,"6":11,"7":1,"8":10,"9":0,"10":0,"11":10,"12":10,"13":5,"14":6,"15":4,"16":4,"17":4,"18":4,"19":8,"20":8,"21":0,"22":8,"23":8,"24":8,"25":8,"26":30,"27":4,"28":26,"29":11,"30":11,"31":11,"32":11,"33":15,"34":15,"35":0,"36":15,"37":0,"38":0,"39":15,"40":8,"41":4,"42":4,"43":0,"44":4,"45":18,"46":8,"47":10,"48":3,"49":7,"50":3,"51":4,"52":3,"53":1,"54":11,"55":11,"56":18},"f":{"0":38,"1":6,"2":11,"3":4,"4":18,"5":11,"6":18},"b":{"0":[37],"1":[6,2],"2":[1,10],"3":[0,10],"4":[10,1],"5":[5,5],"6":[5,5],"7":[10,5],"8":[0,8],"9":[4,26],"10":[11,15],"11":[11,0],"12":[0,15],"13":[0,15],"14":[15,0],"15":[0,15],"16":[4,4],"17":[0,4],"18":[4,0],"19":[8,10],"20":[3,7],"21":[3,4],"22":[3,1],"23":[18,0]},"_coverageSchema":"1a1c01bbd47fc00a2c39e90264f33305004495a9","hash":"7d3ca3194fab30311194f8f7155362f331988a7e"}
,"/home/ming/projects/simple-tts/src/services/ttsService.js": {"path":"/home/ming/projects/simple-tts/src/services/ttsService.js","statementMap":{"0":{"start":{"line":7,"column":4},"end":{"line":7,"column":29}},"1":{"start":{"line":8,"column":4},"end":{"line":8,"column":35}},"2":{"start":{"line":9,"column":4},"end":{"line":10,"column":77}},"3":{"start":{"line":11,"column":4},"end":{"line":12,"column":79}},"4":{"start":{"line":13,"column":4},"end":{"line":13,"column":45}},"5":{"start":{"line":14,"column":4},"end":{"line":14,"column":28}},"6":{"start":{"line":15,"column":4},"end":{"line":15,"column":28}},"7":{"start":{"line":19,"column":24},"end":{"line":19,"column":63}},"8":{"start":{"line":20,"column":22},"end":{"line":20,"column":60}},"9":{"start":{"line":21,"column":19},"end":{"line":21,"column":63}},"10":{"start":{"line":23,"column":4},"end":{"line":27,"column":29}},"11":{"start":{"line":31,"column":4},"end":{"line":33,"column":5}},"12":{"start":{"line":32,"column":6},"end":{"line":32,"column":30}},"13":{"start":{"line":35,"column":4},"end":{"line":37,"column":5}},"14":{"start":{"line":36,"column":6},"end":{"line":36,"column":58}},"15":{"start":{"line":39,"column":4},"end":{"line":60,"column":5}},"16":{"start":{"line":40,"column":23},"end":{"line":47,"column":8}},"17":{"start":{"line":49,"column":6},"end":{"line":51,"column":7}},"18":{"start":{"line":50,"column":8},"end":{"line":50,"column":93}},"19":{"start":{"line":53,"column":6},"end":{"line":53,"column":47}},"20":{"start":{"line":54,"column":6},"end":{"line":54,"column":54}},"21":{"start":{"line":56,"column":6},"end":{"line":56,"column":30}},"22":{"start":{"line":58,"column":6},"end":{"line":58,"column":58}},"23":{"start":{"line":59,"column":6},"end":{"line":59,"column":18}},"24":{"start":{"line":64,"column":25},"end":{"line":64,"column":58}},"25":{"start":{"line":65,"column":17},"end":{"line":65,"column":88}},"26":{"start":{"line":67,"column":4},"end":{"line":67,"column":58}},"27":{"start":{"line":71,"column":24},"end":{"line":71,"column":51}},"28":{"start":{"line":73,"column":4},"end":{"line":99,"column":7}},"29":{"start":{"line":74,"column":18},"end":{"line":74,"column":38}},"30":{"start":{"line":75,"column":6},"end":{"line":75,"column":43}},"31":{"start":{"line":77,"column":6},"end":{"line":77,"column":69}},"32":{"start":{"line":78,"column":6},"end":{"line":78,"column":67}},"33":{"start":{"line":79,"column":6},"end":{"line":79,"column":84}},"34":{"start":{"line":80,"column":6},"end":{"line":80,"column":66}},"35":{"start":{"line":81,"column":6},"end":{"line":81,"column":69}},"36":{"start":{"line":83,"column":6},"end":{"line":83,"column":39}},"37":{"start":{"line":85,"column":6},"end":{"line":92,"column":8}},"38":{"start":{"line":86,"column":8},"end":{"line":91,"column":9}},"39":{"start":{"line":87,"column":23},"end":{"line":87,"column":70}},"40":{"start":{"line":88,"column":10},"end":{"line":88,"column":24}},"41":{"start":{"line":90,"column":10},"end":{"line":90,"column":90}},"42":{"start":{"line":94,"column":6},"end":{"line":96,"column":8}},"43":{"start":{"line":95,"column":8},"end":{"line":95,"column":67}},"44":{"start":{"line":98,"column":6},"end":{"line":98,"column":21}},"45":{"start":{"line":103,"column":48},"end":{"line":106,"column":6}},"46":{"start":{"line":108,"column":4},"end":{"line":115,"column":5}},"47":{"start":{"line":109,"column":6},"end":{"line":109,"column":40}},"48":{"start":{"line":110,"column":6},"end":{"line":110,"column":46}},"49":{"start":{"line":111,"column":6},"end":{"line":111,"column":101}},"50":{"start":{"line":112,"column":6},"end":{"line":112,"column":104}},"51":{"start":{"line":113,"column":6},"end":{"line":113,"column":30}},"52":{"start":{"line":114,"column":6},"end":{"line":114,"column":30}},"53":{"start":{"line":117,"column":4},"end":{"line":117,"column":47}},"54":{"start":{"line":121,"column":38},"end":{"line":121,"column":62}},"55":{"start":{"line":122,"column":21},"end":{"line":122,"column":46}},"56":{"start":{"line":125,"column":4},"end":{"line":136,"column":5}},"57":{"start":{"line":126,"column":6},"end":{"line":126,"column":66}},"58":{"start":{"line":127,"column":11},"end":{"line":136,"column":5}},"59":{"start":{"line":128,"column":6},"end":{"line":128,"column":58}},"60":{"start":{"line":130,"column":27},"end":{"line":130,"column":61}},"61":{"start":{"line":131,"column":6},"end":{"line":135,"column":8}},"62":{"start":{"line":138,"column":4},"end":{"line":143,"column":6}},"63":{"start":{"line":148,"column":24},"end":{"line":148,"column":51}},"64":{"start":{"line":150,"column":21},"end":{"line":158,"column":5}},"65":{"start":{"line":160,"column":4},"end":{"line":163,"column":5}},"66":{"start":{"line":161,"column":24},"end":{"line":161,"column":45}},"67":{"start":{"line":162,"column":6},"end":{"line":162,"column":83}},"68":{"start":{"line":165,"column":19},"end":{"line":165,"column":40}},"69":{"start":{"line":167,"column":26},"end":{"line":183,"column":10}},"70":{"start":{"line":168,"column":21},"end":{"line":168,"column":33}},"71":{"start":{"line":169,"column":6},"end":{"line":171,"column":7}},"72":{"start":{"line":170,"column":8},"end":{"line":170,"column":25}},"73":{"start":{"line":173,"column":6},"end":{"line":180,"column":9}},"74":{"start":{"line":182,"column":6},"end":{"line":182,"column":17}},"75":{"start":{"line":185,"column":4},"end":{"line":185,"column":25}},"76":{"start":{"line":189,"column":4},"end":{"line":189,"column":77}},"77":{"start":{"line":189,"column":65},"end":{"line":189,"column":75}}},"fnMap":{"0":{"name":"(anonymous_0)","decl":{"start":{"line":6,"column":2},"end":{"line":6,"column":3}},"loc":{"start":{"line":6,"column":37},"end":{"line":16,"column":3}},"line":6},"1":{"name":"(anonymous_1)","decl":{"start":{"line":18,"column":2},"end":{"line":18,"column":3}},"loc":{"start":{"line":18,"column":75},"end":{"line":28,"column":3}},"line":18},"2":{"name":"(anonymous_2)","decl":{"start":{"line":30,"column":2},"end":{"line":30,"column":3}},"loc":{"start":{"line":30,"column":25},"end":{"line":61,"column":3}},"line":30},"3":{"name":"(anonymous_3)","decl":{"start":{"line":63,"column":2},"end":{"line":63,"column":3}},"loc":{"start":{"line":63,"column":51},"end":{"line":68,"column":3}},"line":63},"4":{"name":"(anonymous_4)","decl":{"start":{"line":70,"column":2},"end":{"line":70,"column":3}},"loc":{"start":{"line":70,"column":44},"end":{"line":100,"column":3}},"line":70},"5":{"name":"(anonymous_5)","decl":{"start":{"line":73,"column":23},"end":{"line":73,"column":24}},"loc":{"start":{"line":73,"column":44},"end":{"line":99,"column":5}},"line":73},"6":{"name":"(anonymous_6)","decl":{"start":{"line":85,"column":19},"end":{"line":85,"column":20}},"loc":{"start":{"line":85,"column":30},"end":{"line":92,"column":7}},"line":85},"7":{"name":"(anonymous_7)","decl":{"start":{"line":94,"column":20},"end":{"line":94,"column":21}},"loc":{"start":{"line":94,"column":31},"end":{"line":96,"column":7}},"line":94},"8":{"name":"(anonymous_8)","decl":{"start":{"line":102,"column":2},"end":{"line":102,"column":3}},"loc":{"start":{"line":102,"column":22},"end":{"line":118,"column":3}},"line":102},"9":{"name":"(anonymous_9)","decl":{"start":{"line":120,"column":2},"end":{"line":120,"column":3}},"loc":{"start":{"line":120,"column":50},"end":{"line":144,"column":3}},"line":120},"10":{"name":"(anonymous_10)","decl":{"start":{"line":147,"column":2},"end":{"line":147,"column":3}},"loc":{"start":{"line":147,"column":24},"end":{"line":186,"column":3}},"line":147},"11":{"name":"(anonymous_11)","decl":{"start":{"line":167,"column":40},"end":{"line":167,"column":41}},"loc":{"start":{"line":167,"column":56},"end":{"line":183,"column":5}},"line":167},"12":{"name":"(anonymous_12)","decl":{"start":{"line":188,"column":2},"end":{"line":188,"column":3}},"loc":{"start":{"line":188,"column":27},"end":{"line":190,"column":3}},"line":188},"13":{"name":"(anonymous_13)","decl":{"start":{"line":189,"column":56},"end":{"line":189,"column":57}},"loc":{"start":{"line":189,"column":65},"end":{"line":189,"column":75}},"line":189}},"branchMap":{"0":{"loc":{"start":{"line":18,"column":19},"end":{"line":18,"column":52}},"type":"default-arg","locations":[{"start":{"line":18,"column":27},"end":{"line":18,"column":52}}],"line":18},"1":{"loc":{"start":{"line":18,"column":54},"end":{"line":18,"column":62}},"type":"default-arg","locations":[{"start":{"line":18,"column":61},"end":{"line":18,"column":62}}],"line":18},"2":{"loc":{"start":{"line":18,"column":64},"end":{"line":18,"column":73}},"type":"default-arg","locations":[{"start":{"line":18,"column":72},"end":{"line":18,"column":73}}],"line":18},"3":{"loc":{"start":{"line":21,"column":19},"end":{"line":21,"column":63}},"type":"cond-expr","locations":[{"start":{"line":21,"column":46},"end":{"line":21,"column":52}},{"start":{"line":21,"column":55},"end":{"line":21,"column":63}}],"line":21},"4":{"loc":{"start":{"line":31,"column":4},"end":{"line":33,"column":5}},"type":"if","locations":[{"start":{"line":31,"column":4},"end":{"line":33,"column":5}},{"start":{},"end":{}}],"line":31},"5":{"loc":{"start":{"line":31,"column":8},"end":{"line":31,"column":77}},"type":"binary-expr","locations":[{"start":{"line":31,"column":8},"end":{"line":31,"column":24}},{"start":{"line":31,"column":28},"end":{"line":31,"column":44}},{"start":{"line":31,"column":48},"end":{"line":31,"column":77}}],"line":31},"6":{"loc":{"start":{"line":35,"column":4},"end":{"line":37,"column":5}},"type":"if","locations":[{"start":{"line":35,"column":4},"end":{"line":37,"column":5}},{"start":{},"end":{}}],"line":35},"7":{"loc":{"start":{"line":35,"column":8},"end":{"line":35,"column":43}},"type":"binary-expr","locations":[{"start":{"line":35,"column":8},"end":{"line":35,"column":22}},{"start":{"line":35,"column":26},"end":{"line":35,"column":43}}],"line":35},"8":{"loc":{"start":{"line":49,"column":6},"end":{"line":51,"column":7}},"type":"if","locations":[{"start":{"line":49,"column":6},"end":{"line":51,"column":7}},{"start":{},"end":{}}],"line":49},"9":{"loc":{"start":{"line":63,"column":36},"end":{"line":63,"column":49}},"type":"default-arg","locations":[{"start":{"line":63,"column":47},"end":{"line":63,"column":49}}],"line":63},"10":{"loc":{"start":{"line":64,"column":27},"end":{"line":64,"column":46}},"type":"binary-expr","locations":[{"start":{"line":64,"column":27},"end":{"line":64,"column":41}},{"start":{"line":64,"column":45},"end":{"line":64,"column":46}}],"line":64},"11":{"loc":{"start":{"line":65,"column":55},"end":{"line":65,"column":73}},"type":"binary-expr","locations":[{"start":{"line":65,"column":55},"end":{"line":65,"column":68}},{"start":{"line":65,"column":72},"end":{"line":65,"column":73}}],"line":65},"12":{"loc":{"start":{"line":86,"column":8},"end":{"line":91,"column":9}},"type":"if","locations":[{"start":{"line":86,"column":8},"end":{"line":91,"column":9}},{"start":{"line":89,"column":15},"end":{"line":91,"column":9}}],"line":86},"13":{"loc":{"start":{"line":108,"column":4},"end":{"line":115,"column":5}},"type":"if","locations":[{"start":{"line":108,"column":4},"end":{"line":115,"column":5}},{"start":{},"end":{}}],"line":108},"14":{"loc":{"start":{"line":108,"column":8},"end":{"line":108,"column":88}},"type":"binary-expr","locations":[{"start":{"line":108,"column":8},"end":{"line":108,"column":43}},{"start":{"line":108,"column":47},"end":{"line":108,"column":88}}],"line":108},"15":{"loc":{"start":{"line":120,"column":31},"end":{"line":120,"column":48}},"type":"default-arg","locations":[{"start":{"line":120,"column":46},"end":{"line":120,"column":48}}],"line":120},"16":{"loc":{"start":{"line":125,"column":4},"end":{"line":136,"column":5}},"type":"if","locations":[{"start":{"line":125,"column":4},"end":{"line":136,"column":5}},{"start":{"line":127,"column":11},"end":{"line":136,"column":5}}],"line":125},"17":{"loc":{"start":{"line":125,"column":8},"end":{"line":125,"column":73}},"type":"binary-expr","locations":[{"start":{"line":125,"column":8},"end":{"line":125,"column":29}},{"start":{"line":125,"column":33},"end":{"line":125,"column":73}}],"line":125},"18":{"loc":{"start":{"line":127,"column":11},"end":{"line":136,"column":5}},"type":"if","locations":[{"start":{"line":127,"column":11},"end":{"line":136,"column":5}},{"start":{"line":129,"column":11},"end":{"line":136,"column":5}}],"line":127},"19":{"loc":{"start":{"line":127,"column":15},"end":{"line":127,"column":72}},"type":"binary-expr","locations":[{"start":{"line":127,"column":15},"end":{"line":127,"column":36}},{"start":{"line":127,"column":40},"end":{"line":127,"column":72}}],"line":127},"20":{"loc":{"start":{"line":160,"column":4},"end":{"line":163,"column":5}},"type":"if","locations":[{"start":{"line":160,"column":4},"end":{"line":163,"column":5}},{"start":{},"end":{}}],"line":160},"21":{"loc":{"start":{"line":169,"column":6},"end":{"line":171,"column":7}},"type":"if","locations":[{"start":{"line":169,"column":6},"end":{"line":171,"column":7}},{"start":{},"end":{}}],"line":169},"22":{"loc":{"start":{"line":178,"column":16},"end":{"line":178,"column":37}},"type":"binary-expr","locations":[{"start":{"line":178,"column":16},"end":{"line":178,"column":31}},{"start":{"line":178,"column":35},"end":{"line":178,"column":37}}],"line":178}},"s":{"0":20,"1":20,"2":20,"3":20,"4":20,"5":20,"6":20,"7":8,"8":8,"9":8,"10":8,"11":7,"12":3,"13":4,"14":1,"15":3,"16":3,"17":3,"18":1,"19":2,"20":2,"21":2,"22":1,"23":1,"24":0,"25":0,"26":0,"27":2,"28":2,"29":2,"30":2,"31":2,"32":2,"33":2,"34":2,"35":2,"36":2,"37":2,"38":1,"39":1,"40":1,"41":0,"42":2,"43":1,"44":2,"45":2,"46":2,"47":0,"48":0,"49":0,"50":0,"51":0,"52":0,"53":0,"54":2,"55":0,"56":0,"57":0,"58":0,"59":0,"60":0,"61":0,"62":0,"63":0,"64":0,"65":0,"66":0,"67":0,"68":0,"69":0,"70":0,"71":0,"72":0,"73":0,"74":0,"75":0,"76":1,"77":1},"f":{"0":20,"1":8,"2":7,"3":0,"4":2,"5":2,"6":1,"7":1,"8":2,"9":2,"10":0,"11":0,"12":1,"13":1},"b":{"0":[4],"1":[7],"2":[7],"3":[8,0],"4":[3,4],"5":[7,4,4],"6":[1,3],"7":[4,3],"8":[1,2],"9":[0],"10":[0,0],"11":[0,0],"12":[1,0],"13":[0,0],"14":[2,0],"15":[1],"16":[0,0],"17":[0,0],"18":[0,0],"19":[0,0],"20":[0,0],"21":[0,0],"22":[0,0]},"_coverageSchema":"1a1c01bbd47fc00a2c39e90264f33305004495a9","hash":"4d2350f26cde14e1d23807234b08632f89f27ca9"}
,"/home/ming/projects/simple-tts/src/settings/components/Layout.jsx": {"path":"/home/ming/projects/simple-tts/src/settings/components/Layout.jsx","statementMap":{"0":{"start":{"line":3,"column":33},"end":{"line":11,"column":1}},"1":{"start":{"line":13,"column":30},"end":{"line":22,"column":1}},"2":{"start":{"line":24,"column":31},"end":{"line":26,"column":1}}},"fnMap":{},"branchMap":{},"s":{"0":0,"1":0,"2":0},"f":{},"b":{}}
,"/home/ming/projects/simple-tts/src/settings/components/common.jsx": {"path":"/home/ming/projects/simple-tts/src/settings/components/common.jsx","statementMap":{"0":{"start":{"line":3,"column":23},"end":{"line":9,"column":1}},"1":{"start":{"line":11,"column":26},"end":{"line":40,"column":1}},"2":{"start":{"line":42,"column":26},"end":{"line":58,"column":1}},"3":{"start":{"line":43,"column":25},"end":{"line":43,"column":81}},"4":{"start":{"line":56,"column":27},"end":{"line":56,"column":89}}},"fnMap":{"0":{"name":"(anonymous_0)","decl":{"start":{"line":43,"column":16},"end":{"line":43,"column":17}},"loc":{"start":{"line":43,"column":25},"end":{"line":43,"column":81}},"line":43},"1":{"name":"(anonymous_1)","decl":{"start":{"line":56,"column":18},"end":{"line":56,"column":19}},"loc":{"start":{"line":56,"column":27},"end":{"line":56,"column":89}},"line":56}},"branchMap":{"0":{"loc":{"start":{"line":43,"column":25},"end":{"line":43,"column":81}},"type":"cond-expr","locations":[{"start":{"line":43,"column":41},"end":{"line":43,"column":60}},{"start":{"line":43,"column":63},"end":{"line":43,"column":81}}],"line":43},"1":{"loc":{"start":{"line":56,"column":27},"end":{"line":56,"column":89}},"type":"cond-expr","locations":[{"start":{"line":56,"column":43},"end":{"line":56,"column":62}},{"start":{"line":56,"column":65},"end":{"line":56,"column":89}}],"line":56}},"s":{"0":0,"1":0,"2":0,"3":0,"4":0},"f":{"0":0,"1":0},"b":{"0":[0,0],"1":[0,0]}}
,"/home/ming/projects/simple-tts/src/utils/azureConfig.js": {"path":"/home/ming/projects/simple-tts/src/utils/azureConfig.js","statementMap":{"0":{"start":{"line":10,"column":2},"end":{"line":15,"column":3}},"1":{"start":{"line":11,"column":4},"end":{"line":14,"column":6}},"2":{"start":{"line":18,"column":2},"end":{"line":29,"column":3}},"3":{"start":{"line":20,"column":6},"end":{"line":20,"column":49}},"4":{"start":{"line":21,"column":4},"end":{"line":26,"column":5}},"5":{"start":{"line":22,"column":6},"end":{"line":25,"column":8}},"6":{"start":{"line":28,"column":4},"end":{"line":28,"column":75}},"7":{"start":{"line":32,"column":2},"end":{"line":35,"column":4}}},"fnMap":{"0":{"name":"getAzureCredentials","decl":{"start":{"line":8,"column":22},"end":{"line":8,"column":41}},"loc":{"start":{"line":8,"column":59},"end":{"line":36,"column":1}},"line":8}},"branchMap":{"0":{"loc":{"start":{"line":8,"column":42},"end":{"line":8,"column":57}},"type":"default-arg","locations":[{"start":{"line":8,"column":53},"end":{"line":8,"column":57}}],"line":8},"1":{"loc":{"start":{"line":10,"column":2},"end":{"line":15,"column":3}},"type":"if","locations":[{"start":{"line":10,"column":2},"end":{"line":15,"column":3}},{"start":{},"end":{}}],"line":10},"2":{"loc":{"start":{"line":10,"column":6},"end":{"line":10,"column":49}},"type":"binary-expr","locations":[{"start":{"line":10,"column":6},"end":{"line":10,"column":24}},{"start":{"line":10,"column":28},"end":{"line":10,"column":49}}],"line":10},"3":{"loc":{"start":{"line":21,"column":4},"end":{"line":26,"column":5}},"type":"if","locations":[{"start":{"line":21,"column":4},"end":{"line":26,"column":5}},{"start":{},"end":{}}],"line":21},"4":{"loc":{"start":{"line":21,"column":8},"end":{"line":21,"column":65}},"type":"binary-expr","locations":[{"start":{"line":21,"column":8},"end":{"line":21,"column":33}},{"start":{"line":21,"column":37},"end":{"line":21,"column":65}}],"line":21},"5":{"loc":{"start":{"line":33,"column":14},"end":{"line":33,"column":48}},"type":"binary-expr","locations":[{"start":{"line":33,"column":14},"end":{"line":33,"column":42}},{"start":{"line":33,"column":46},"end":{"line":33,"column":48}}],"line":33},"6":{"loc":{"start":{"line":34,"column":17},"end":{"line":34,"column":47}},"type":"binary-expr","locations":[{"start":{"line":34,"column":17},"end":{"line":34,"column":41}},{"start":{"line":34,"column":45},"end":{"line":34,"column":47}}],"line":34}},"s":{"0":0,"1":0,"2":0,"3":0,"4":0,"5":0,"6":0,"7":0},"f":{"0":0},"b":{"0":[0],"1":[0,0],"2":[0,0],"3":[0,0],"4":[0,0],"5":[0,0],"6":[0,0]}}
,"/home/ming/projects/simple-tts/src/utils/languageConfig.js": {"path":"/home/ming/projects/simple-tts/src/utils/languageConfig.js","statementMap":{"0":{"start":{"line":4,"column":30},"end":{"line":25,"column":1}},"1":{"start":{"line":31,"column":2},"end":{"line":31,"column":34}},"2":{"start":{"line":38,"column":19},"end":{"line":38,"column":52}},"3":{"start":{"line":39,"column":19},"end":{"line":39,"column":43}},"4":{"start":{"line":40,"column":2},"end":{"line":40,"column":53}},"5":{"start":{"line":49,"column":2},"end":{"line":49,"column":56}},"6":{"start":{"line":49,"column":13},"end":{"line":49,"column":56}},"7":{"start":{"line":52,"column":19},"end":{"line":69,"column":3}},"8":{"start":{"line":72,"column":17},"end":{"line":72,"column":19}},"9":{"start":{"line":73,"column":19},"end":{"line":73,"column":20}},"10":{"start":{"line":76,"column":2},"end":{"line":78,"column":5}},"11":{"start":{"line":77,"column":4},"end":{"line":77,"column":21}},"12":{"start":{"line":81,"column":25},"end":{"line":81,"column":56}},"13":{"start":{"line":84,"column":2},"end":{"line":88,"column":5}},"14":{"start":{"line":85,"column":20},"end":{"line":85,"column":49}},"15":{"start":{"line":86,"column":4},"end":{"line":86,"column":48}},"16":{"start":{"line":87,"column":4},"end":{"line":87,"column":31}},"17":{"start":{"line":91,"column":22},"end":{"line":91,"column":24}},"18":{"start":{"line":92,"column":22},"end":{"line":92,"column":23}},"19":{"start":{"line":93,"column":17},"end":{"line":93,"column":21}},"20":{"start":{"line":95,"column":2},"end":{"line":108,"column":5}},"21":{"start":{"line":96,"column":23},"end":{"line":96,"column":70}},"22":{"start":{"line":97,"column":4},"end":{"line":101,"column":6}},"23":{"start":{"line":104,"column":4},"end":{"line":107,"column":5}},"24":{"start":{"line":105,"column":6},"end":{"line":105,"column":33}},"25":{"start":{"line":106,"column":6},"end":{"line":106,"column":22}},"26":{"start":{"line":111,"column":2},"end":{"line":113,"column":3}},"27":{"start":{"line":112,"column":4},"end":{"line":112,"column":20}},"28":{"start":{"line":115,"column":2},"end":{"line":119,"column":4}},"29":{"start":{"line":128,"column":19},"end":{"line":128,"column":44}},"30":{"start":{"line":129,"column":2},"end":{"line":129,"column":36}},"31":{"start":{"line":136,"column":2},"end":{"line":136,"column":35}},"32":{"start":{"line":136,"column":13},"end":{"line":136,"column":35}},"33":{"start":{"line":138,"column":21},"end":{"line":138,"column":23}},"34":{"start":{"line":139,"column":19},"end":{"line":139,"column":20}},"35":{"start":{"line":142,"column":2},"end":{"line":147,"column":3}},"36":{"start":{"line":143,"column":20},"end":{"line":143,"column":61}},"37":{"start":{"line":144,"column":18},"end":{"line":144,"column":46}},"38":{"start":{"line":145,"column":4},"end":{"line":145,"column":29}},"39":{"start":{"line":146,"column":4},"end":{"line":146,"column":24}},"40":{"start":{"line":150,"column":17},"end":{"line":150,"column":18}},"41":{"start":{"line":151,"column":21},"end":{"line":151,"column":25}},"42":{"start":{"line":153,"column":2},"end":{"line":158,"column":3}},"43":{"start":{"line":154,"column":4},"end":{"line":157,"column":5}},"44":{"start":{"line":155,"column":6},"end":{"line":155,"column":23}},"45":{"start":{"line":156,"column":6},"end":{"line":156,"column":26}},"46":{"start":{"line":160,"column":2},"end":{"line":163,"column":4}},"47":{"start":{"line":170,"column":2},"end":{"line":170,"column":70}},"48":{"start":{"line":177,"column":2},"end":{"line":179,"column":4}}},"fnMap":{"0":{"name":"getLanguageFromRegion","decl":{"start":{"line":30,"column":16},"end":{"line":30,"column":37}},"loc":{"start":{"line":30,"column":50},"end":{"line":32,"column":1}},"line":30},"1":{"name":"getVoicesForRegion","decl":{"start":{"line":37,"column":16},"end":{"line":37,"column":34}},"loc":{"start":{"line":37,"column":47},"end":{"line":41,"column":1}},"line":37},"2":{"name":"analyzeTextLanguage","decl":{"start":{"line":48,"column":16},"end":{"line":48,"column":35}},"loc":{"start":{"line":48,"column":42},"end":{"line":120,"column":1}},"line":48},"3":{"name":"(anonymous_3)","decl":{"start":{"line":76,"column":32},"end":{"line":76,"column":33}},"loc":{"start":{"line":76,"column":42},"end":{"line":78,"column":3}},"line":76},"4":{"name":"(anonymous_4)","decl":{"start":{"line":84,"column":35},"end":{"line":84,"column":36}},"loc":{"start":{"line":84,"column":60},"end":{"line":88,"column":3}},"line":84},"5":{"name":"(anonymous_5)","decl":{"start":{"line":95,"column":33},"end":{"line":95,"column":34}},"loc":{"start":{"line":95,"column":52},"end":{"line":108,"column":3}},"line":95},"6":{"name":"isPrimarilyChinese","decl":{"start":{"line":127,"column":16},"end":{"line":127,"column":34}},"loc":{"start":{"line":127,"column":41},"end":{"line":130,"column":1}},"line":127},"7":{"name":"detectLanguage","decl":{"start":{"line":135,"column":16},"end":{"line":135,"column":30}},"loc":{"start":{"line":135,"column":37},"end":{"line":164,"column":1}},"line":135},"8":{"name":"getVoicesForLanguage","decl":{"start":{"line":169,"column":16},"end":{"line":169,"column":36}},"loc":{"start":{"line":169,"column":47},"end":{"line":171,"column":1}},"line":169},"9":{"name":"getDefaultVoice","decl":{"start":{"line":176,"column":16},"end":{"line":176,"column":31}},"loc":{"start":{"line":176,"column":42},"end":{"line":180,"column":1}},"line":176}},"branchMap":{"0":{"loc":{"start":{"line":40,"column":9},"end":{"line":40,"column":52}},"type":"binary-expr","locations":[{"start":{"line":40,"column":9},"end":{"line":40,"column":46}},{"start":{"line":40,"column":50},"end":{"line":40,"column":52}}],"line":40},"1":{"loc":{"start":{"line":49,"column":2},"end":{"line":49,"column":56}},"type":"if","locations":[{"start":{"line":49,"column":2},"end":{"line":49,"column":56}},{"start":{},"end":{}}],"line":49},"2":{"loc":{"start":{"line":86,"column":19},"end":{"line":86,"column":47}},"type":"cond-expr","locations":[{"start":{"line":86,"column":29},"end":{"line":86,"column":43}},{"start":{"line":86,"column":46},"end":{"line":86,"column":47}}],"line":86},"3":{"loc":{"start":{"line":96,"column":23},"end":{"line":96,"column":70}},"type":"cond-expr","locations":[{"start":{"line":96,"column":40},"end":{"line":96,"column":66}},{"start":{"line":96,"column":69},"end":{"line":96,"column":70}}],"line":96},"4":{"loc":{"start":{"line":104,"column":4},"end":{"line":107,"column":5}},"type":"if","locations":[{"start":{"line":104,"column":4},"end":{"line":107,"column":5}},{"start":{},"end":{}}],"line":104},"5":{"loc":{"start":{"line":104,"column":8},"end":{"line":104,"column":52}},"type":"binary-expr","locations":[{"start":{"line":104,"column":8},"end":{"line":104,"column":22}},{"start":{"line":104,"column":26},"end":{"line":104,"column":52}}],"line":104},"6":{"loc":{"start":{"line":111,"column":2},"end":{"line":113,"column":3}},"type":"if","locations":[{"start":{"line":111,"column":2},"end":{"line":113,"column":3}},{"start":{},"end":{}}],"line":111},"7":{"loc":{"start":{"line":136,"column":2},"end":{"line":136,"column":35}},"type":"if","locations":[{"start":{"line":136,"column":2},"end":{"line":136,"column":35}},{"start":{},"end":{}}],"line":136},"8":{"loc":{"start":{"line":144,"column":18},"end":{"line":144,"column":46}},"type":"cond-expr","locations":[{"start":{"line":144,"column":28},"end":{"line":144,"column":42}},{"start":{"line":144,"column":45},"end":{"line":144,"column":46}}],"line":144},"9":{"loc":{"start":{"line":154,"column":4},"end":{"line":157,"column":5}},"type":"if","locations":[{"start":{"line":154,"column":4},"end":{"line":157,"column":5}},{"start":{},"end":{}}],"line":154},"10":{"loc":{"start":{"line":162,"column":16},"end":{"line":162,"column":58}},"type":"cond-expr","locations":[{"start":{"line":162,"column":33},"end":{"line":162,"column":54}},{"start":{"line":162,"column":57},"end":{"line":162,"column":58}}],"line":162},"11":{"loc":{"start":{"line":170,"column":9},"end":{"line":170,"column":69}},"type":"binary-expr","locations":[{"start":{"line":170,"column":9},"end":{"line":170,"column":41}},{"start":{"line":170,"column":45},"end":{"line":170,"column":69}}],"line":170},"12":{"loc":{"start":{"line":178,"column":4},"end":{"line":178,"column":76}},"type":"binary-expr","locations":[{"start":{"line":178,"column":4},"end":{"line":178,"column":42}},{"start":{"line":178,"column":46},"end":{"line":178,"column":76}}],"line":178}},"s":{"0":0,"1":0,"2":0,"3":0,"4":0,"5":0,"6":0,"7":0,"8":0,"9":0,"10":0,"11":0,"12":0,"13":0,"14":0,"15":0,"16":0,"17":0,"18":0,"19":0,"20":0,"21":0,"22":0,"23":0,"24":0,"25":0,"26":0,"27":0,"28":0,"29":0,"30":0,"31":0,"32":0,"33":0,"34":0,"35":0,"36":0,"37":0,"38":0,"39":0,"40":0,"41":0,"42":0,"43":0,"44":0,"45":0,"46":0,"47":0,"48":0},"f":{"0":0,"1":0,"2":0,"3":0,"4":0,"5":0,"6":0,"7":0,"8":0,"9":0},"b":{"0":[0,0],"1":[0,0],"2":[0,0],"3":[0,0],"4":[0,0],"5":[0,0],"6":[0,0],"7":[0,0],"8":[0,0],"9":[0,0],"10":[0,0],"11":[0,0],"12":[0,0]}}
}
