TN:
SF:src/onboarding/components/StyledComponents.jsx
FN:26,(anonymous_0)
FNF:1
FNH:0
FNDA:0,(anonymous_0)
DA:3,0
DA:7,0
DA:13,0
DA:19,0
DA:25,0
DA:26,0
LF:6
LH:0
BRDA:26,0,0,0
BRDA:26,0,1,0
BRF:2
BRH:0
end_of_record
TN:
SF:src/services/audioController.js
FN:5,(anonymous_0)
FN:11,(anonymous_1)
FN:15,(anonymous_2)
FN:32,(anonymous_3)
FN:39,(anonymous_4)
FN:43,(anonymous_5)
FN:52,(anonymous_6)
FN:55,(anonymous_7)
FN:62,(anonymous_8)
FN:70,(anonymous_9)
FN:78,(anonymous_10)
FN:82,(anonymous_11)
FN:84,(anonymous_12)
FN:89,(anonymous_13)
FN:94,(anonymous_14)
FNF:15
FNH:15
FNDA:14,(anonymous_0)
FNDA:1,(anonymous_1)
FNDA:3,(anonymous_2)
FNDA:2,(anonymous_3)
FNDA:3,(anonymous_4)
FNDA:6,(anonymous_5)
FNDA:3,(anonymous_6)
FNDA:1,(anonymous_7)
FNDA:1,(anonymous_8)
FNDA:1,(anonymous_9)
FNDA:1,(anonymous_10)
FNDA:2,(anonymous_11)
FNDA:4,(anonymous_12)
FNDA:4,(anonymous_13)
FNDA:1,(anonymous_14)
DA:6,14
DA:7,14
DA:8,14
DA:12,1
DA:16,3
DA:17,3
DA:18,3
DA:20,3
DA:21,5
DA:22,5
DA:24,4
DA:31,4
DA:32,2
DA:36,2
DA:40,3
DA:41,3
DA:43,3
DA:44,6
DA:45,6
DA:51,3
DA:52,3
DA:56,1
DA:57,1
DA:58,1
DA:59,1
DA:63,1
DA:64,1
DA:65,1
DA:66,1
DA:67,1
DA:71,1
DA:72,1
DA:73,1
DA:74,1
DA:75,1
DA:79,1
DA:83,2
DA:84,4
DA:86,2
DA:88,2
DA:90,4
DA:94,1
DA:95,1
DA:98,0
LF:44
LH:43
BRDA:15,0,0,0
BRDA:31,1,0,2
BRDA:31,1,1,2
BRDA:39,2,0,0
BRDA:55,3,0,0
BRDA:62,4,0,0
BRDA:70,5,0,0
BRDA:78,6,0,0
BRDA:82,7,0,0
BRDA:94,8,0,1
BRDA:94,8,1,0
BRF:11
BRH:3
end_of_record
TN:
SF:src/services/audioPlayer.js
FN:2,(anonymous_0)
FN:7,(anonymous_1)
FN:21,(anonymous_2)
FN:26,(anonymous_3)
FN:36,(anonymous_4)
FN:37,(anonymous_5)
FN:38,(anonymous_6)
FN:58,(anonymous_7)
FN:74,(anonymous_8)
FN:78,(anonymous_9)
FN:87,(anonymous_10)
FN:106,(anonymous_11)
FN:143,(anonymous_12)
FN:151,(anonymous_13)
FN:160,(anonymous_14)
FNF:15
FNH:14
FNDA:19,(anonymous_0)
FNDA:16,(anonymous_1)
FNDA:14,(anonymous_2)
FNDA:3,(anonymous_3)
FNDA:5,(anonymous_4)
FNDA:5,(anonymous_5)
FNDA:5,(anonymous_6)
FNDA:1,(anonymous_7)
FNDA:2,(anonymous_8)
FNDA:1,(anonymous_9)
FNDA:0,(anonymous_10)
FNDA:3,(anonymous_11)
FNDA:3,(anonymous_12)
FNDA:6,(anonymous_13)
FNDA:3,(anonymous_14)
DA:3,19
DA:4,19
DA:8,16
DA:9,15
DA:11,14
DA:12,14
DA:13,14
DA:14,14
DA:15,14
DA:17,14
DA:18,14
DA:19,14
DA:21,14
DA:23,15
DA:27,3
DA:28,2
DA:29,1
DA:30,1
DA:32,2
DA:37,5
DA:38,5
DA:39,5
DA:40,5
DA:42,5
DA:43,1
DA:46,5
DA:47,5
DA:49,5
DA:50,5
DA:52,4
DA:53,4
DA:54,4
DA:56,4
DA:58,4
DA:59,1
DA:60,1
DA:63,4
DA:65,1
DA:66,1
DA:70,5
DA:75,2
DA:76,2
DA:78,1
DA:79,1
DA:80,1
DA:81,1
DA:82,1
DA:83,1
DA:85,1
DA:87,1
DA:88,0
DA:89,0
DA:92,1
DA:95,0
DA:96,0
DA:101,1
DA:102,1
DA:107,3
DA:108,3
DA:109,3
DA:111,3
DA:112,4
DA:114,4
DA:115,4
DA:116,4
DA:117,3
DA:118,3
DA:120,1
DA:121,1
DA:125,2
DA:126,1
DA:127,1
DA:129,1
DA:130,1
DA:131,2
DA:132,2
DA:133,2
DA:134,2
DA:135,2
DA:137,2
DA:140,1
DA:144,3
DA:145,3
DA:147,3
DA:148,0
DA:151,6
DA:153,3
DA:154,6
DA:156,6
DA:157,6
DA:159,5
DA:160,3
DA:164,1
DA:169,0
DA:170,0
LF:95
LH:88
BRDA:8,0,0,15
BRDA:8,0,1,1
BRDA:9,1,0,15
BRDA:9,1,1,0
BRDA:27,2,0,2
BRDA:27,2,1,1
BRDA:28,3,0,1
BRDA:28,3,1,1
BRDA:36,4,0,2
BRDA:36,5,0,4
BRDA:40,6,0,5
BRDA:40,6,1,4
BRDA:42,7,0,1
BRDA:42,7,1,4
BRDA:74,8,0,1
BRDA:143,9,0,0
BRDA:147,10,0,0
BRDA:147,10,1,3
BRDA:159,11,0,3
BRDA:159,11,1,2
BRF:20
BRH:17
end_of_record
TN:
SF:src/services/textProcessor.js
FN:2,(anonymous_0)
FN:6,(anonymous_1)
FN:11,(anonymous_2)
FN:38,(anonymous_3)
FN:106,(anonymous_4)
FN:114,(anonymous_5)
FN:122,(anonymous_6)
FNF:7
FNH:7
FNDA:38,(anonymous_0)
FNDA:6,(anonymous_1)
FNDA:11,(anonymous_2)
FNDA:4,(anonymous_3)
FNDA:18,(anonymous_4)
FNDA:11,(anonymous_5)
FNDA:18,(anonymous_6)
DA:3,38
DA:7,6
DA:8,6
DA:9,6
DA:11,6
DA:12,11
DA:13,11
DA:15,10
DA:16,0
DA:21,0
DA:23,10
DA:26,10
DA:27,5
DA:35,6
DA:39,4
DA:40,4
DA:42,4
DA:44,4
DA:45,8
DA:46,8
DA:48,8
DA:49,8
DA:50,8
DA:52,8
DA:53,30
DA:55,26
DA:56,11
DA:57,11
DA:58,11
DA:64,11
DA:67,15
DA:68,15
DA:70,15
DA:71,0
DA:77,0
DA:79,15
DA:84,8
DA:85,4
DA:94,4
DA:95,0
DA:103,4
DA:107,18
DA:108,10
DA:109,7
DA:110,4
DA:111,1
DA:115,11
DA:122,18
LF:48
LH:43
BRDA:2,0,0,37
BRDA:7,1,0,6
BRDA:7,1,1,2
BRDA:13,2,0,1
BRDA:13,2,1,10
BRDA:15,3,0,0
BRDA:15,3,1,10
BRDA:15,4,0,10
BRDA:15,4,1,1
BRDA:23,5,0,5
BRDA:23,5,1,5
BRDA:26,6,0,5
BRDA:26,6,1,5
BRDA:26,7,0,10
BRDA:26,7,1,5
BRDA:46,8,0,0
BRDA:46,8,1,8
BRDA:53,9,0,4
BRDA:53,9,1,26
BRDA:55,10,0,11
BRDA:55,10,1,15
BRDA:57,11,0,11
BRDA:57,11,1,0
BRDA:68,12,0,0
BRDA:68,12,1,15
BRDA:70,13,0,0
BRDA:70,13,1,15
BRDA:70,14,0,15
BRDA:70,14,1,0
BRDA:79,15,0,0
BRDA:79,15,1,15
BRDA:84,16,0,4
BRDA:84,16,1,4
BRDA:94,17,0,0
BRDA:94,17,1,4
BRDA:94,18,0,4
BRDA:94,18,1,0
BRDA:107,19,0,8
BRDA:107,19,1,10
BRDA:108,20,0,3
BRDA:108,20,1,7
BRDA:109,21,0,3
BRDA:109,21,1,4
BRDA:110,22,0,3
BRDA:110,22,1,1
BRDA:122,23,0,18
BRDA:122,23,1,0
BRF:47
BRH:37
end_of_record
TN:
SF:src/services/ttsService.js
FN:6,(anonymous_0)
FN:18,(anonymous_1)
FN:30,(anonymous_2)
FN:63,(anonymous_3)
FN:70,(anonymous_4)
FN:73,(anonymous_5)
FN:85,(anonymous_6)
FN:94,(anonymous_7)
FN:102,(anonymous_8)
FN:120,(anonymous_9)
FN:147,(anonymous_10)
FN:167,(anonymous_11)
FN:188,(anonymous_12)
FN:189,(anonymous_13)
FNF:14
FNH:11
FNDA:20,(anonymous_0)
FNDA:8,(anonymous_1)
FNDA:7,(anonymous_2)
FNDA:0,(anonymous_3)
FNDA:2,(anonymous_4)
FNDA:2,(anonymous_5)
FNDA:1,(anonymous_6)
FNDA:1,(anonymous_7)
FNDA:2,(anonymous_8)
FNDA:2,(anonymous_9)
FNDA:0,(anonymous_10)
FNDA:0,(anonymous_11)
FNDA:1,(anonymous_12)
FNDA:1,(anonymous_13)
DA:7,20
DA:8,20
DA:9,20
DA:11,20
DA:13,20
DA:14,20
DA:15,20
DA:19,8
DA:20,8
DA:21,8
DA:23,8
DA:31,7
DA:32,3
DA:35,4
DA:36,1
DA:39,3
DA:40,3
DA:49,3
DA:50,1
DA:53,2
DA:54,2
DA:56,2
DA:58,1
DA:59,1
DA:64,0
DA:65,0
DA:67,0
DA:71,2
DA:73,2
DA:74,2
DA:75,2
DA:77,2
DA:78,2
DA:79,2
DA:80,2
DA:81,2
DA:83,2
DA:85,2
DA:86,1
DA:87,1
DA:88,1
DA:90,0
DA:94,2
DA:95,1
DA:98,2
DA:103,2
DA:108,2
DA:109,0
DA:110,0
DA:111,0
DA:112,0
DA:113,0
DA:114,0
DA:117,0
DA:121,2
DA:122,0
DA:125,0
DA:126,0
DA:127,0
DA:128,0
DA:130,0
DA:131,0
DA:138,0
DA:148,0
DA:150,0
DA:160,0
DA:161,0
DA:162,0
DA:165,0
DA:167,0
DA:168,0
DA:169,0
DA:170,0
DA:173,0
DA:182,0
DA:185,0
DA:189,1
LF:77
LH:45
BRDA:18,0,0,4
BRDA:18,1,0,7
BRDA:18,2,0,7
BRDA:21,3,0,8
BRDA:21,3,1,0
BRDA:31,4,0,3
BRDA:31,4,1,4
BRDA:31,5,0,7
BRDA:31,5,1,4
BRDA:31,5,2,4
BRDA:35,6,0,1
BRDA:35,6,1,3
BRDA:35,7,0,4
BRDA:35,7,1,3
BRDA:49,8,0,1
BRDA:49,8,1,2
BRDA:63,9,0,0
BRDA:64,10,0,0
BRDA:64,10,1,0
BRDA:65,11,0,0
BRDA:65,11,1,0
BRDA:86,12,0,1
BRDA:86,12,1,0
BRDA:108,13,0,0
BRDA:108,13,1,0
BRDA:108,14,0,2
BRDA:108,14,1,0
BRDA:120,15,0,1
BRDA:125,16,0,0
BRDA:125,16,1,0
BRDA:125,17,0,0
BRDA:125,17,1,0
BRDA:127,18,0,0
BRDA:127,18,1,0
BRDA:127,19,0,0
BRDA:127,19,1,0
BRDA:160,20,0,0
BRDA:160,20,1,0
BRDA:169,21,0,0
BRDA:169,21,1,0
BRDA:178,22,0,0
BRDA:178,22,1,0
BRF:42
BRH:18
end_of_record
TN:
SF:src/settings/components/Layout.jsx
FNF:0
FNH:0
DA:3,0
DA:13,0
DA:24,0
LF:3
LH:0
BRF:0
BRH:0
end_of_record
TN:
SF:src/settings/components/common.jsx
FN:43,(anonymous_0)
FN:56,(anonymous_1)
FNF:2
FNH:0
FNDA:0,(anonymous_0)
FNDA:0,(anonymous_1)
DA:3,0
DA:11,0
DA:42,0
DA:43,0
DA:56,0
LF:5
LH:0
BRDA:43,0,0,0
BRDA:43,0,1,0
BRDA:56,1,0,0
BRDA:56,1,1,0
BRF:4
BRH:0
end_of_record
TN:
SF:src/utils/azureConfig.js
FN:8,getAzureCredentials
FNF:1
FNH:0
FNDA:0,getAzureCredentials
DA:10,0
DA:11,0
DA:18,0
DA:20,0
DA:21,0
DA:22,0
DA:28,0
DA:32,0
LF:8
LH:0
BRDA:8,0,0,0
BRDA:10,1,0,0
BRDA:10,1,1,0
BRDA:10,2,0,0
BRDA:10,2,1,0
BRDA:21,3,0,0
BRDA:21,3,1,0
BRDA:21,4,0,0
BRDA:21,4,1,0
BRDA:33,5,0,0
BRDA:33,5,1,0
BRDA:34,6,0,0
BRDA:34,6,1,0
BRF:13
BRH:0
end_of_record
TN:
SF:src/utils/languageConfig.js
FN:30,getLanguageFromRegion
FN:37,getVoicesForRegion
FN:48,analyzeTextLanguage
FN:76,(anonymous_3)
FN:84,(anonymous_4)
FN:95,(anonymous_5)
FN:127,isPrimarilyChinese
FN:135,detectLanguage
FN:169,getVoicesForLanguage
FN:176,getDefaultVoice
FNF:10
FNH:0
FNDA:0,getLanguageFromRegion
FNDA:0,getVoicesForRegion
FNDA:0,analyzeTextLanguage
FNDA:0,(anonymous_3)
FNDA:0,(anonymous_4)
FNDA:0,(anonymous_5)
FNDA:0,isPrimarilyChinese
FNDA:0,detectLanguage
FNDA:0,getVoicesForLanguage
FNDA:0,getDefaultVoice
DA:4,0
DA:31,0
DA:38,0
DA:39,0
DA:40,0
DA:49,0
DA:52,0
DA:72,0
DA:73,0
DA:76,0
DA:77,0
DA:81,0
DA:84,0
DA:85,0
DA:86,0
DA:87,0
DA:91,0
DA:92,0
DA:93,0
DA:95,0
DA:96,0
DA:97,0
DA:104,0
DA:105,0
DA:106,0
DA:111,0
DA:112,0
DA:115,0
DA:128,0
DA:129,0
DA:136,0
DA:138,0
DA:139,0
DA:142,0
DA:143,0
DA:144,0
DA:145,0
DA:146,0
DA:150,0
DA:151,0
DA:153,0
DA:154,0
DA:155,0
DA:156,0
DA:160,0
DA:170,0
DA:177,0
LF:47
LH:0
BRDA:40,0,0,0
BRDA:40,0,1,0
BRDA:49,1,0,0
BRDA:49,1,1,0
BRDA:86,2,0,0
BRDA:86,2,1,0
BRDA:96,3,0,0
BRDA:96,3,1,0
BRDA:104,4,0,0
BRDA:104,4,1,0
BRDA:104,5,0,0
BRDA:104,5,1,0
BRDA:111,6,0,0
BRDA:111,6,1,0
BRDA:136,7,0,0
BRDA:136,7,1,0
BRDA:144,8,0,0
BRDA:144,8,1,0
BRDA:154,9,0,0
BRDA:154,9,1,0
BRDA:162,10,0,0
BRDA:162,10,1,0
BRDA:170,11,0,0
BRDA:170,11,1,0
BRDA:178,12,0,0
BRDA:178,12,1,0
BRF:26
BRH:0
end_of_record
